src/application/use-cases/auth/authenticate.use-case.ts(54,21): error TS2339: Property 'score' does not exist on type 'User'.
src/application/use-cases/auth/authenticate.use-case.ts(55,19): error TS2339: Property 'cpf' does not exist on type 'User'.
src/application/validators/auth.validator.ts(2,33): error TS2307: Cannot find module '../../../shared/errors/validation.error' or its corresponding type declarations.
src/domain/entities/loan.entity.ts(1,26): error TS2307: Cannot find module 'mongodb' or its corresponding type declarations.
src/domain/entities/quota.entity.ts(1,26): error TS2307: Cannot find module 'mongodb' or its corresponding type declarations.
src/domain/entities/transaction.entity.ts(1,26): error TS2307: Cannot find module 'mongodb' or its corresponding type declarations.
src/presentation/http/controllers/auth.controller.ts(4,33): error TS2307: Cannot find module '../../../application/use-cases/auth/register.use-case' or its corresponding type declarations.
src/presentation/http/controllers/auth.controller.ts(5,38): error TS2307: Cannot find module '../../../application/use-cases/auth/reset-password.use-case' or its corresponding type declarations.
src/presentation/http/controllers/auth.controller.ts(6,10): error TS2305: Module '"../../../application/dto/auth.dto"' has no exported member 'AuthDto'.
src/presentation/http/routes/admin.routes.ts(1486,37): error TS2345: Argument of type 'number' is not assignable to parameter of type 'string'.
